<?xml version="1.0" encoding="UTF-8"?>
<testng-results ignored="0" total="1" passed="1" failed="0" skipped="0">
  <reporter-output>
  </reporter-output>
  <suite started-at="2022-09-16T16:57:11 IST" name="Default suite" finished-at="2022-09-16T16:57:11 IST" duration-ms="44">
    <groups>
    </groups>
    <test started-at="2022-09-16T16:57:11 IST" name="Default test" finished-at="2022-09-16T16:57:11 IST" duration-ms="44">
      <class name="Singleton.Singleton.Class_Singleton">
        <test-method signature="mytest()[pri:0, instance:Singleton.Singleton.Class_Singleton@776b83cc]" started-at="2022-09-16T16:57:11 IST" name="mytest" finished-at="2022-09-16T16:57:11 IST" duration-ms="9" status="PASS">
          <reporter-output>
          </reporter-output>
        </test-method> <!-- mytest -->
      </class> <!-- Singleton.Singleton.Class_Singleton -->
    </test> <!-- Default test -->
  </suite> <!-- Default suite -->
</testng-results>
